2024-11-29 09:11:54 - INFO: Installing local dependencies...

up to date, audited 96 packages in 577ms

34 packages are looking for funding
  run `npm fund` for details

found 0 vulnerabilities
2024-11-29 09:11:57 - INFO: Tasky is already globally installed.
2024-11-29 09:11:57 - INFO: Displaying tasky help...
2024-11-29 09:12:48 - INFO: Installing local dependencies...

up to date, audited 96 packages in 520ms

34 packages are looking for funding
  run `npm fund` for details

found 0 vulnerabilities
2024-11-29 09:12:50 - INFO: Tasky is already globally installed.
2024-11-29 09:12:50 - INFO: Displaying tasky help...
2024-11-29 09:13:18 - INFO: Installing local dependencies...

up to date, audited 96 packages in 638ms

34 packages are looking for funding
  run `npm fund` for details

found 0 vulnerabilities
2024-11-29 09:13:21 - INFO: Tasky is already globally installed.
2024-11-29 09:13:21 - INFO: Displaying tasky help...
2024-11-29 09:14:08 - [36m[1mINFO:[0m 'logs' directory already exists.
2024-11-29 09:14:08 - [36m[1mINFO:[0m Installing local dependencies...

up to date, audited 96 packages in 518ms

34 packages are looking for funding
  run `npm fund` for details

found 0 vulnerabilities
2024-11-29 09:14:11 - [33m[1mWARNING:[0m Tasky is already globally installed.
2024-11-29 09:14:11 - [36m[1mINFO:[0m Displaying tasky help...
2024-11-29 09:14:11 - [32m[1mSUCCESS:[0m Installation completed successfully!
